0 info it worked if it ends with ok
1 verbose cli [ '/usr/local/bin/node', '/usr/local/bin/npm', 'start' ]
2 info using npm@3.8.8
3 info using node@v8.6.0
4 verbose run-script [ 'prestart', 'start', 'poststart' ]
5 info lifecycle backend-esquirol@1.0.0~prestart: backend-esquirol@1.0.0
6 silly lifecycle backend-esquirol@1.0.0~prestart: no script for prestart, continuing
7 info lifecycle backend-esquirol@1.0.0~start: backend-esquirol@1.0.0
8 verbose lifecycle backend-esquirol@1.0.0~start: unsafe-perm in lifecycle true
9 verbose lifecycle backend-esquirol@1.0.0~start: PATH: /usr/local/lib/node_modules/npm/bin/node-gyp-bin:/home/bfernand/workspace/src/EsquirolApp/backend/node_modules/.bin:/usr/local/bin:/home/bfernand/.rbenv/plugins/ruby-build/bin:/home/bfernand/.rbenv/shims:/home/bfernand/.rbenv/bin:/home/bfernand/bin:/home/bfernand/.local/bin:/home/bfernand/.rbenv/plugins/ruby-build/bin:/home/bfernand/.rbenv/shims:/home/bfernand/.rbenv/bin:/home/bfernand/bin:/home/bfernand/.local/bin:/usr/local/sbin:/usr/local/bin:/usr/sbin:/usr/bin:/sbin:/bin:/usr/games:/usr/local/games:/snap/bin:/snap/bin
10 verbose lifecycle backend-esquirol@1.0.0~start: CWD: /home/bfernand/workspace/src/EsquirolApp/backend
11 silly lifecycle backend-esquirol@1.0.0~start: Args: [ '-c', 'node ./bin/www DEBUG=backend-esquirol' ]
12 silly lifecycle backend-esquirol@1.0.0~start: Returned: code: 137  signal: null
13 info lifecycle backend-esquirol@1.0.0~start: Failed to exec start script
14 verbose stack Error: backend-esquirol@1.0.0 start: `node ./bin/www DEBUG=backend-esquirol`
14 verbose stack Exit status 137
14 verbose stack     at EventEmitter.<anonymous> (/usr/local/lib/node_modules/npm/lib/utils/lifecycle.js:244:16)
14 verbose stack     at emitTwo (events.js:125:13)
14 verbose stack     at EventEmitter.emit (events.js:213:7)
14 verbose stack     at ChildProcess.<anonymous> (/usr/local/lib/node_modules/npm/lib/utils/spawn.js:24:14)
14 verbose stack     at emitTwo (events.js:125:13)
14 verbose stack     at ChildProcess.emit (events.js:213:7)
14 verbose stack     at maybeClose (internal/child_process.js:927:16)
14 verbose stack     at Process.ChildProcess._handle.onexit (internal/child_process.js:211:5)
15 verbose pkgid backend-esquirol@1.0.0
16 verbose cwd /home/bfernand/workspace/src/EsquirolApp/backend
17 error Linux 4.4.0-101-generic
18 error argv "/usr/local/bin/node" "/usr/local/bin/npm" "start"
19 error node v8.6.0
20 error npm  v3.8.8
21 error code ELIFECYCLE
22 error backend-esquirol@1.0.0 start: `node ./bin/www DEBUG=backend-esquirol`
22 error Exit status 137
23 error Failed at the backend-esquirol@1.0.0 start script 'node ./bin/www DEBUG=backend-esquirol'.
23 error Make sure you have the latest version of node.js and npm installed.
23 error If you do, this is most likely a problem with the backend-esquirol package,
23 error not with npm itself.
23 error Tell the author that this fails on your system:
23 error     node ./bin/www DEBUG=backend-esquirol
23 error You can get information on how to open an issue for this project with:
23 error     npm bugs backend-esquirol
23 error Or if that isn't available, you can get their info via:
23 error     npm owner ls backend-esquirol
23 error There is likely additional logging output above.
24 verbose exit [ 1, true ]
